Arguments: 
  /home/bilaldon/.nvm/versions/node/v12.13.0/bin/node /usr/share/yarn/bin/yarn.js install --offline

PATH: 
  /home/bilaldon/.rbenv/shims:/home/bilaldon/.rbenv/bin:/usr/java/jdk1.8.0_221/bin:/home/bilaldon/.rvm/gems/ruby-2.5.0/bin:/home/bilaldon/.rvm/gems/ruby-2.5.0@global/bin:/home/bilaldon/.rvm/rubies/ruby-2.5.0/bin:/home/bilaldon/bin:/home/bilaldon/.local/bin:/home/bilaldon/.nvm/versions/node/v12.13.0/bin:/home/bilaldon/.rbenv/shims:/home/bilaldon/.rbenv/bin:/usr/java/jdk1.8.0_221/bin:/home/bilaldon/bin:/home/bilaldon/.local/bin:/usr/local/sbin:/usr/local/bin:/usr/sbin:/usr/bin:/sbin:/bin:/usr/games:/usr/local/games:/snap/bin:/home/bilaldon/.rvm/bin:/home/bilaldon/Downloads/android-studio/bin:/home/bilaldon/.rvm/bin:/home/bilaldon/Android/Sdk/emulator:/home/bilaldon/Android/Sdk/tools:/home/bilaldon/Android/Sdk/tools/bin:/home/bilaldon/Android/Sdk/platform-tools:/home/bilaldon/.rvm/bin:/home/bilaldon/Downloads/android-studio/bin:/home/bilaldon/.rvm/bin:/home/bilaldon/Android/Sdk/emulator:/home/bilaldon/Android/Sdk/tools:/home/bilaldon/Android/Sdk/tools/bin:/home/bilaldon/Android/Sdk/platform-tools

Yarn version: 
  1.22.4

Node version: 
  12.13.0

Platform: 
  linux x64

Trace: 
  Invariant Violation: There should only be one folder in a package cache (got  in /home/bilaldon/.cache/yarn/v6/npm-@voilknetwork-libcrypto-1.0.1-c31ab3e5deb667628169b3d54d746b015de31a79/node_modules/@voilknetwork)
      at invariant (/usr/share/yarn/lib/cli.js:2314:15)
      at /usr/share/yarn/lib/cli.js:60692:11
      at Generator.next (<anonymous>)
      at step (/usr/share/yarn/lib/cli.js:310:30)
      at /usr/share/yarn/lib/cli.js:321:13

npm manifest: 
  {
    "name": "create-graphql-server",
    "version": "1.0.0",
    "description": "A simple graphQL server",
    "main": "index.js",
    "scripts": {
      "start": "nodemon index.js"
    },
    "repository": {
      "type": "git",
      "url": "git+https://github.com/voilknetwork/create-graphql-server.git"
    },
    "keywords": [
      "graphql",
      "graph",
      "gql",
      "server"
    ],
    "author": "Bilal Haider (https://github.com/baaluo)",
    "license": "MIT",
    "dependencies": {
      "voilk": "^0.7.15",
      "axios": "^0.18.0",
      "body-parser": "^1.19.0",
      "cors": "^2.8.5",
      "counterpart": "^0.18.6",
      "curl": "^0.1.4",
      "curlrequest": "^1.0.1",
      "dotenv": "^8.0.0",
      "express": "^4.16.4",
      "express-graphql": "^0.7.1",
      "graphql": "^14.0.2",
      "gridfs-stream": "^1.1.1",
      "http": "0.0.0",
      "https": "^1.0.0",
      "isomorphic-fetch": "^2.2.1",
      "lodash": "^4.17.11",
      "method-override": "^3.0.0",
      "mongoose": "^5.6.2",
      "mongoose-paginate-v2": "^1.3.6",
      "multer": "^1.4.2",
      "multer-gridfs-storage": "^4.0.1",
      "nodemon": "^1.19.4",
      "socket.io": "^2.3.0",
      "universal-cookie": "^4.0.1",
      "xmlhttprequest": "^1.8.0",
      "yup": "^0.28.1"
    },
    "bugs": {
      "url": "https://github.com/voilknetwork/create-graphql-server/issues"
    },
    "homepage": "https://github.com/voilknetwork/create-graphql-server#readme"
  }

yarn manifest: 
  No manifest

Lockfile: 
  No lockfile
